[Fri Oct 21 10:43:03 2011] [notice] Apache/2.2.6 (Win32) mod_ssl/2.2.6 OpenSSL/0.9.8e configured -- resuming normal operations
[Fri Oct 21 10:43:03 2011] [notice] Server built: Sep  5 2007 08:58:56
[Fri Oct 21 10:43:03 2011] [notice] Parent: Created child process 5000
[Fri Oct 21 10:43:05 2011] [notice] Child 5000: Child process is running
[Fri Oct 21 10:43:05 2011] [notice] Child 5000: Acquired the start mutex.
[Fri Oct 21 10:43:05 2011] [notice] Child 5000: Starting 250 worker threads.
[Fri Oct 21 10:43:05 2011] [notice] Child 5000: Starting thread to listen on port 8443.
[Fri Oct 21 10:43:05 2011] [notice] Child 5000: Starting thread to listen on port 8080.
[Fri Oct 21 10:53:48 2011] [notice] Parent: Received shutdown signal -- Shutting down the server.
[Fri Oct 21 10:53:48 2011] [notice] Child 5000: Exit event signaled. Child process is ending.
[Fri Oct 21 10:53:49 2011] [notice] Child 5000: Released the start mutex
[Fri Oct 21 10:53:50 2011] [notice] Child 5000: Waiting for 250 worker threads to exit.
[Fri Oct 21 10:53:50 2011] [notice] Child 5000: All worker threads have exited.
[Fri Oct 21 10:53:50 2011] [notice] Child 5000: Child process is exiting
[Fri Oct 21 10:53:50 2011] [notice] Parent: Child process exited successfully.
[Fri Oct 21 10:57:32 2011] [notice] Apache/2.2.6 (Win32) mod_ssl/2.2.6 OpenSSL/0.9.8e configured -- resuming normal operations
[Fri Oct 21 10:57:32 2011] [notice] Server built: Sep  5 2007 08:58:56
[Fri Oct 21 10:57:32 2011] [notice] Parent: Created child process 4444
[Fri Oct 21 10:57:34 2011] [notice] Child 4444: Child process is running
[Fri Oct 21 10:57:34 2011] [notice] Child 4444: Acquired the start mutex.
[Fri Oct 21 10:57:34 2011] [notice] Child 4444: Starting 250 worker threads.
[Fri Oct 21 10:57:34 2011] [notice] Child 4444: Starting thread to listen on port 8080.
[Fri Oct 21 10:57:34 2011] [notice] Child 4444: Starting thread to listen on port 8443.
[Fri Oct 21 10:58:09 2011] [notice] Parent: Received shutdown signal -- Shutting down the server.
[Fri Oct 21 10:58:09 2011] [notice] Child 4444: Exit event signaled. Child process is ending.
[Fri Oct 21 10:58:10 2011] [notice] Child 4444: Released the start mutex
[Fri Oct 21 10:58:11 2011] [notice] Child 4444: Waiting for 250 worker threads to exit.
[Fri Oct 21 10:58:11 2011] [notice] Child 4444: All worker threads have exited.
[Fri Oct 21 10:58:11 2011] [notice] Child 4444: Child process is exiting
[Fri Oct 21 10:58:11 2011] [notice] Parent: Child process exited successfully.
[Fri Oct 21 10:58:14 2011] [notice] Apache/2.2.6 (Win32) mod_ssl/2.2.6 OpenSSL/0.9.8e configured -- resuming normal operations
[Fri Oct 21 10:58:14 2011] [notice] Server built: Sep  5 2007 08:58:56
[Fri Oct 21 10:58:14 2011] [notice] Parent: Created child process 3620
[Fri Oct 21 10:58:16 2011] [notice] Child 3620: Child process is running
[Fri Oct 21 10:58:16 2011] [notice] Child 3620: Acquired the start mutex.
[Fri Oct 21 10:58:16 2011] [notice] Child 3620: Starting 250 worker threads.
[Fri Oct 21 10:58:16 2011] [notice] Child 3620: Starting thread to listen on port 8443.
[Fri Oct 21 10:58:16 2011] [notice] Child 3620: Starting thread to listen on port 8080.
[Fri Oct 21 10:58:54 2011] [notice] Parent: Received shutdown signal -- Shutting down the server.
[Fri Oct 21 10:58:54 2011] [notice] Child 3620: Exit event signaled. Child process is ending.
[Fri Oct 21 10:58:55 2011] [notice] Child 3620: Released the start mutex
[Fri Oct 21 10:58:56 2011] [notice] Child 3620: Waiting for 250 worker threads to exit.
[Fri Oct 21 10:58:56 2011] [notice] Child 3620: All worker threads have exited.
[Fri Oct 21 10:58:56 2011] [notice] Child 3620: Child process is exiting
[Fri Oct 21 10:58:56 2011] [notice] Parent: Child process exited successfully.
[Fri Oct 21 10:58:59 2011] [notice] Apache/2.2.6 (Win32) mod_ssl/2.2.6 OpenSSL/0.9.8e configured -- resuming normal operations
[Fri Oct 21 10:59:00 2011] [notice] Server built: Sep  5 2007 08:58:56
[Fri Oct 21 10:59:00 2011] [notice] Parent: Created child process 8412
[Fri Oct 21 10:59:02 2011] [notice] Child 8412: Child process is running
[Fri Oct 21 10:59:02 2011] [notice] Child 8412: Acquired the start mutex.
[Fri Oct 21 10:59:02 2011] [notice] Child 8412: Starting 250 worker threads.
[Fri Oct 21 10:59:02 2011] [notice] Child 8412: Starting thread to listen on port 8080.
[Fri Oct 21 10:59:02 2011] [notice] Child 8412: Starting thread to listen on port 8443.
[Fri Oct 21 11:05:10 2011] [notice] Parent: Received shutdown signal -- Shutting down the server.
[Fri Oct 21 11:05:10 2011] [notice] Child 8412: Exit event signaled. Child process is ending.
[Fri Oct 21 11:05:11 2011] [notice] Child 8412: Released the start mutex
[Fri Oct 21 11:05:12 2011] [notice] Child 8412: Waiting for 250 worker threads to exit.
[Fri Oct 21 11:05:12 2011] [notice] Child 8412: All worker threads have exited.
[Fri Oct 21 11:05:12 2011] [notice] Child 8412: Child process is exiting
[Fri Oct 21 11:05:12 2011] [notice] Parent: Child process exited successfully.
[Fri Oct 21 11:05:15 2011] [notice] Apache/2.2.6 (Win32) mod_ssl/2.2.6 OpenSSL/0.9.8e configured -- resuming normal operations
[Fri Oct 21 11:05:15 2011] [notice] Server built: Sep  5 2007 08:58:56
[Fri Oct 21 11:05:15 2011] [notice] Parent: Created child process 2908
[Fri Oct 21 11:05:18 2011] [notice] Child 2908: Child process is running
[Fri Oct 21 11:05:18 2011] [notice] Child 2908: Acquired the start mutex.
[Fri Oct 21 11:05:18 2011] [notice] Child 2908: Starting 250 worker threads.
[Fri Oct 21 11:05:18 2011] [notice] Child 2908: Starting thread to listen on port 8443.
[Fri Oct 21 11:05:18 2011] [notice] Child 2908: Starting thread to listen on port 8080.
[Fri Oct 21 11:54:37 2011] [notice] Parent: Received shutdown signal -- Shutting down the server.
[Fri Oct 21 11:54:38 2011] [notice] Child 2908: Exit event signaled. Child process is ending.
[Fri Oct 21 11:54:39 2011] [notice] Child 2908: Released the start mutex
[Fri Oct 21 11:54:40 2011] [notice] Child 2908: Waiting for 250 worker threads to exit.
[Fri Oct 21 11:54:40 2011] [notice] Child 2908: All worker threads have exited.
[Fri Oct 21 11:54:40 2011] [notice] Child 2908: Child process is exiting
[Fri Oct 21 11:54:40 2011] [notice] Parent: Child process exited successfully.
